# JRE version: OpenJDK Runtime Environment Microsoft-8902769 (17.0.10+7) (build 17.0.10+7-LTS)
# Java VM: OpenJDK 64-Bit Server VM Microsoft-8902769 (17.0.10+7-LTS, mixed mode, sharing, tiered, compressed oops, compressed class ptrs, g1 gc, windows-amd64)
GC Precious Log:
 CPUs: 8 total, 8 available
 Memory: 8039M
 Large Page Support: Disabled
 NUMA Support: Disabled
 Compressed Oops: Enabled (32-bit)
 Heap Region Size: 1M
 Heap Min Capacity: 8M
 Heap Initial Capacity: 126M
 Heap Max Capacity: 2010M
 Pre-touch: Disabled
 Parallel Workers: 8
 Concurrent Workers: 2
 Concurrent Refinement Workers: 8
 Periodic GC: Disabled
Heap:
 garbage-first heap   total 315392K, used 179328K [0x0000000082600000, 0x0000000100000000)
  region size 1024K, 149 young (152576K), 1 survivors (1024K)
 Metaspace       used 67812K, committed 68352K, reserved 1114112K
  class space    used 8759K, committed 9024K, reserved 1048576K
GC Heap History (20 events):
Event: 387.907 GC heap before
{Heap before GC invocations=41 (full 0):
 garbage-first heap   total 157696K, used 121449K [0x0000000082600000, 0x0000000100000000)
  region size 1024K, 92 young (94208K), 1 survivors (1024K)
 Metaspace       used 67662K, committed 68224K, reserved 1114112K
  class space    used 8738K, committed 9024K, reserved 1048576K
}
Event: 387.910 GC heap after
{Heap after GC invocations=42 (full 0):
 garbage-first heap   total 315392K, used 28296K [0x0000000082600000, 0x0000000100000000)
  region size 1024K, 1 young (1024K), 1 survivors (1024K)
 Metaspace       used 67662K, committed 68224K, reserved 1114112K
  class space    used 8738K, committed 9024K, reserved 1048576K
}
Event: 396.036 GC heap before
{Heap before GC invocations=42 (full 0):
 garbage-first heap   total 315392K, used 215688K [0x0000000082600000, 0x0000000100000000)
  region size 1024K, 184 young (188416K), 1 survivors (1024K)
 Metaspace       used 67662K, committed 68224K, reserved 1114112K
  class space    used 8738K, committed 9024K, reserved 1048576K
}
Event: 396.074 GC heap after
{Heap after GC invocations=43 (full 0):
 garbage-first heap   total 315392K, used 28337K [0x0000000082600000, 0x0000000100000000)
  region size 1024K, 1 young (1024K), 1 survivors (1024K)
 Metaspace       used 67662K, committed 68224K, reserved 1114112K
  class space    used 8738K, committed 9024K, reserved 1048576K
}
Event: 404.884 GC heap before
{Heap before GC invocations=43 (full 0):
 garbage-first heap   total 315392K, used 215729K [0x0000000082600000, 0x0000000100000000)
  region size 1024K, 184 young (188416K), 1 survivors (1024K)
 Metaspace       used 67662K, committed 68224K, reserved 1114112K
  class space    used 8738K, committed 9024K, reserved 1048576K
}
Event: 404.885 GC heap after
{Heap after GC invocations=44 (full 0):
 garbage-first heap   total 315392K, used 28350K [0x0000000082600000, 0x0000000100000000)
  region size 1024K, 1 young (1024K), 1 survivors (1024K)
 Metaspace       used 67662K, committed 68224K, reserved 1114112K
  class space    used 8738K, committed 9024K, reserved 1048576K
}
Event: 415.099 GC heap before
{Heap before GC invocations=44 (full 0):
 garbage-first heap   total 315392K, used 215742K [0x0000000082600000, 0x0000000100000000)
  region size 1024K, 184 young (188416K), 1 survivors (1024K)
 Metaspace       used 67666K, committed 68224K, reserved 1114112K
  class space    used 8738K, committed 9024K, reserved 1048576K
}
Event: 415.198 GC heap after
{Heap after GC invocations=45 (full 0):
 garbage-first heap   total 315392K, used 28309K [0x0000000082600000, 0x0000000100000000)
  region size 1024K, 1 young (1024K), 1 survivors (1024K)
 Metaspace       used 67666K, committed 68224K, reserved 1114112K
  class space    used 8738K, committed 9024K, reserved 1048576K
}
Event: 425.573 GC heap before
{Heap before GC invocations=45 (full 0):
 garbage-first heap   total 315392K, used 215701K [0x0000000082600000, 0x0000000100000000)
  region size 1024K, 184 young (188416K), 1 survivors (1024K)
 Metaspace       used 67672K, committed 68224K, reserved 1114112K
  class space    used 8738K, committed 9024K, reserved 1048576K
}
Event: 425.575 GC heap after
{Heap after GC invocations=46 (full 0):
 garbage-first heap   total 315392K, used 28344K [0x0000000082600000, 0x0000000100000000)
  region size 1024K, 1 young (1024K), 1 survivors (1024K)
 Metaspace       used 67672K, committed 68224K, reserved 1114112K
  class space    used 8738K, committed 9024K, reserved 1048576K
}
Event: 433.147 GC heap before
{Heap before GC invocations=46 (full 0):
 garbage-first heap   total 315392K, used 215736K [0x0000000082600000, 0x0000000100000000)
  region size 1024K, 184 young (188416K), 1 survivors (1024K)
 Metaspace       used 67678K, committed 68224K, reserved 1114112K
  class space    used 8738K, committed 9024K, reserved 1048576K
}
Event: 433.169 GC heap after
{Heap after GC invocations=47 (full 0):
 garbage-first heap   total 315392K, used 28760K [0x0000000082600000, 0x0000000100000000)
  region size 1024K, 1 young (1024K), 1 survivors (1024K)
 Metaspace       used 67678K, committed 68224K, reserved 1114112K
  class space    used 8738K, committed 9024K, reserved 1048576K
}
Event: 439.657 GC heap before
{Heap before GC invocations=47 (full 0):
 garbage-first heap   total 315392K, used 216152K [0x0000000082600000, 0x0000000100000000)
  region size 1024K, 184 young (188416K), 1 survivors (1024K)
 Metaspace       used 67689K, committed 68288K, reserved 1114112K
  class space    used 8738K, committed 9024K, reserved 1048576K
}
Event: 439.658 GC heap after
{Heap after GC invocations=48 (full 0):
 garbage-first heap   total 315392K, used 28445K [0x0000000082600000, 0x0000000100000000)
  region size 1024K, 1 young (1024K), 1 survivors (1024K)
 Metaspace       used 67689K, committed 68288K, reserved 1114112K
  class space    used 8738K, committed 9024K, reserved 1048576K
}
Event: 537.307 GC heap before
{Heap before GC invocations=48 (full 0):
 garbage-first heap   total 315392K, used 215837K [0x0000000082600000, 0x0000000100000000)
  region size 1024K, 184 young (188416K), 1 survivors (1024K)
 Metaspace       used 67693K, committed 68288K, reserved 1114112K
  class space    used 8738K, committed 9024K, reserved 1048576K
}
Event: 537.381 GC heap after
{Heap after GC invocations=49 (full 0):
 garbage-first heap   total 315392K, used 28778K [0x0000000082600000, 0x0000000100000000)
  region size 1024K, 1 young (1024K), 1 survivors (1024K)
 Metaspace       used 67693K, committed 68288K, reserved 1114112K
  class space    used 8738K, committed 9024K, reserved 1048576K
}
Event: 544.744 GC heap before
{Heap before GC invocations=49 (full 0):
 garbage-first heap   total 315392K, used 216170K [0x0000000082600000, 0x0000000100000000)
  region size 1024K, 184 young (188416K), 1 survivors (1024K)
 Metaspace       used 67694K, committed 68288K, reserved 1114112K
  class space    used 8738K, committed 9024K, reserved 1048576K
}
Event: 544.745 GC heap after
{Heap after GC invocations=50 (full 0):
 garbage-first heap   total 315392K, used 28905K [0x0000000082600000, 0x0000000100000000)
  region size 1024K, 1 young (1024K), 1 survivors (1024K)
 Metaspace       used 67694K, committed 68288K, reserved 1114112K
  class space    used 8738K, committed 9024K, reserved 1048576K
}
Event: 548.556 GC heap before
{Heap before GC invocations=50 (full 0):
 garbage-first heap   total 315392K, used 216297K [0x0000000082600000, 0x0000000100000000)
  region size 1024K, 184 young (188416K), 1 survivors (1024K)
 Metaspace       used 67694K, committed 68288K, reserved 1114112K
  class space    used 8738K, committed 9024K, reserved 1048576K
}
Event: 548.558 GC heap after
{Heap after GC invocations=51 (full 0):
 garbage-first heap   total 315392K, used 28800K [0x0000000082600000, 0x0000000100000000)
  region size 1024K, 1 young (1024K), 1 survivors (1024K)
 Metaspace       used 67694K, committed 68288K, reserved 1114112K
  class space    used 8738K, committed 9024K, reserved 1048576K
}

